[Bootstrap]
SetupTitle=Install
SetupText=Copying Files, please stand by.
CabFile=Nerdom6Eng.CAB
Spawn=Setup1.exe
Uninstal=st6unst.exe
TmpDir=msftqws.pdw
Cabs=1

[Bootstrap Files]
File1=@VB6STKIT.DLL,$(WinSysPathSysFile),,,7/15/00 1:00:00 AM,101888,6.0.84.50
File2=@COMCAT.DLL,$(WinSysPathSysFile),$(DLLSelfRegister),,5/31/98 1:00:00 AM,22288,4.71.1460.1
File3=@STDOLE2.TLB,$(WinSysPathSysFile),$(TLBRegister),,6/3/99 1:00:00 AM,17920,2.40.4275.1
File4=@ASYCFILT.DLL,$(WinSysPathSysFile),,,3/8/99 1:00:00 AM,147728,2.40.4275.1
File5=@OLEPRO32.DLL,$(WinSysPathSysFile),$(DLLSelfRegister),,3/8/99 1:00:00 AM,164112,5.0.4275.1
File6=@OLEAUT32.DLL,$(WinSysPathSysFile),$(DLLSelfRegister),,4/12/00 1:00:00 AM,598288,2.40.4275.1
File7=@msvbvm60.dll,$(WinSysPathSysFile),$(DLLSelfRegister),,8/4/04 3:56:43 AM,1392671,6.0.96.90

[IconGroups]
Group0=Nerdom Software
PrivateGroup0=0
Parent0=$(Programs)

[Nerdom Software]
Icon1="site.exe"
Title1=Order Now
StartIn1=$(AppPath)

[Setup]
Title=Nerdom Cert Exams 6 Engine
DefaultDir=$(ProgramFiles)\Nerdom Cert Exams 6 Engine
AppExe=Nerdom6Eng.exe
AppToUninstall=Nerdom6Eng.exe

[Setup1 Files]
File1=@site.exe,$(AppPath),,,4/4/05 11:13:16 PM,20480,1.0.0.0
File2=@MBScroll.ocx,$(WinSysPath),$(DLLSelfRegister),$(Shared),4/15/00 4:09:04 PM,90112,1.0.0.0
File3=@MSCOMCTL.OCX,$(WinSysPath),$(DLLSelfRegister),$(Shared),5/22/00 5:00:00 AM,1066176,6.0.88.62
File4=@COMDLG32.OCX,$(WinSysPath),$(DLLSelfRegister),$(Shared),2/19/01 12:47:18 PM,140288,6.0.84.18
File5=@RICHED32.DLL,$(WinSysPathSysFile),,,5/7/98 1:00:00 AM,174352,4.0.993.4
File6=@RICHTX32.OCX,$(WinSysPath),$(DLLSelfRegister),$(Shared),5/22/00 1:00:00 AM,203976,6.0.88.4
File7=@VB5DB.DLL,$(WinSysPath),,$(Shared),6/18/98 1:00:00 AM,89360,6.0.81.69
File8=@msjtes40.dll,$(WinSysPathSysFile),$(DLLSelfRegister),,8/4/04 3:56:43 AM,241693,4.0.8618.0
File9=@msrepl40.dll,$(WinSysPathSysFile),,,8/4/04 3:56:43 AM,552989,4.0.8015.0
File10=@msrd3x40.dll,$(WinSysPathSysFile),$(DLLSelfRegister),,8/4/04 3:56:43 AM,315423,4.0.6508.0
File11=@msrd2x40.dll,$(WinSysPathSysFile),$(DLLSelfRegister),,8/4/04 3:56:43 AM,421919,4.0.7328.0
File12=@mswdat10.dll,$(WinSysPathSysFile),,,8/4/04 3:56:44 AM,831519,4.0.6508.0
File13=@mswstr10.dll,$(WinSysPathSysFile),,,8/4/04 3:56:44 AM,614429,4.0.8905.0
File14=@expsrv.dll,$(WinSysPathSysFile),,,8/4/04 3:56:42 AM,380957,6.0.72.9589
File15=@vbajet32.dll,$(WinSysPathSysFile),,,8/4/04 3:56:46 AM,30749,6.0.1.9431
File16=@msjint40.dll,$(WinSysPathSysFile),,,8/4/04 3:56:43 AM,151583,4.0.8905.0
File17=@msjter40.dll,$(WinSysPathSysFile),,,8/4/04 3:56:43 AM,53279,4.0.6508.0
File18=@msjet40.dll,$(WinSysPathSysFile),$(DLLSelfRegister),,8/4/04 3:56:43 AM,1507356,4.0.8618.0
File19=@dao360.dll,$(MSDAOPath),$(DLLSelfRegister),$(Shared),8/4/04 3:56:42 AM,561179,3.60.8618.0
File20=@Nerdom6Eng.exe,$(AppPath),,,4/4/05 11:51:49 PM,24576,6.0.0.0

; The following lines may be deleted in order to obtain extra 
; space for customizing this file on a full installation diskette.
; 
; XXXXXXXXXXXXXXXXXXXXXXXXXXXXXXXXXXXXXXXXXXXXXXXXXXXXXXXXXXXX
; XXXXXXXXXXXXXXXXXXXXXXXXXXXXXXXXXXXXXXXXXXXXXXXXXXXXXXXXXXXX
; XXXXXXXXXXXXXXXXXXXXXXXXXXXXXXXXXXXXXXXXXXXXXXXXXXXXXXXXXXXX
; XXXXXXXXXXXXXXXXXXXXXXXXXXXXXXXXXXXXXXXXXXXXXXXXXXXXXXXXXXXX
; XXXXXXXXXXXXXXXXXXXXXXXXXXXXXXXXXXXXXXXXXXXXXXXXXXXXXXXXXXXX
; XXXXXXXXXXXXXXXXXXXXXXXXXXXXXXXXXXXXXXXXXXXXXXXXXXXXXXXXXXXX
; XXXXXXXXXXXXXXXXXXXXXXXXXXXXXXXXXXXXXXXXXXXXXXXXXXXXXXXXXXXX
; XXXXXXXXXXXXXXXXXXXXXXXXXXXXXXXXXXXXXXXXXXXXXXXXXXXXXXXXXXXX
; XXXXXXXXXXXXXXXXXXXXXXXXXXXXXXXXXXXXXXXXXXXXXXXXXXXXXXXXXXXX
; XXXXXXXXXXXXXXXXXXXXXXXXXXXXXXXXXXXXXXXXXXXXXXXXXXXXXXXXXXXX
; XXXXXXXXXXXXXXXXXXXXXXXXXXXXXXXXXXXXXXXXXXXXXXXXXXXXXXXXXXXX
; XXXXXXXXXXXXXXXXXXXXXXXXXXXXXXXXXXXXXXXXXXXXXXXXXXXXXXXXXXXX
; XXXXXXXXXXXXXXXXXXXXXXXXXXXXXXXXXXXXXXXXXXXXXXXXXXXXXXXXXXXX
; XXXXXXXXXXXXXXXXXXXXXXXXXXXXXXXXXXXXXXXXXXXXXXXXXXXXXXXXXXXX
; XXXXXXXXXXXXXXXXXXXXXXXXXXXXXXXXXXXXXXXXXXXXXXXXXXXXXXXXXXXX
; XXXXXXXXXXXXXXXXXXXXXXXXXXXXXXXXXXXXXXXXXXXXXXXXXXXXXXXXXXXX
; XXXXXXXXXXXXXXXXXXXXXXXXXXXXXXXXXXXXXXXXXXXXXXXXXXXXXXXXXXXX
; XXXXXXXXXXXXXXXXXXXXXXXXXXXXXXXXXXXXXXXXXXXXXXXXXXXXXXXXXXXX
; XXXXXXXXXXXXXXXXXXXXXXXXXXXXXXXXXXXXXXXXXXXXXXXXXXXXXXXXXXXX
; XXXXXXXXXXXXXXXXXXXXXXXXXXXXXXXXXXXXXXXXXXXXXXXXXXXXXXXXXXXX
; XXXXXXXXXXXXXXXXXXXXXXXXXXXXXXXXXXXXXXXXXXXXXXXXXXXXXXXXXXXX
; XXXXXXXXXXXXXXXXXXXXXXXXXXXXXXXXXXXXXXXXXXXXXXXXXXXXXXXXXXXX
; XXXXXXXXXXXXXXXXXXXXXXXXXXXXXXXXXXXXXXXXXXXXXXXXXXXXXXXXXXXX
; XXXXXXXXXXXXXXXXXXXXXXXXXXXXXXXXXXXXXXXXXXXXXXXXXXXXXXXXXXXX
; XXXXXXXXXXXXXXXXXXXXXXXXXXXXXXXXXXXXXXXXXXXXXXXXXXXXXXXXXXXX
; XXXXXXXXXXXXXXXXXXXXXXXXXXXXXXXXXXXXXXXXXXXXXXXXXXXXXXXXXXXX
; XXXXXXXXXXXXXXXXXXXXXXXXXXXXXXXXXXXXXXXXXXXXXXXXXXXXXXXXXXXX
; XXXXXXXXXXXXXXXXXXXXXXXXXXXXXXXXXXXXXXXXXXXXXXXXXXXXXXXXXXXX
; XXXXXXXXXXXXXXXXXXXXXXXXXXXXXXXXXXXXXXXXXXXXXXXXXXXXXXXXXXXX
; XXXXXXXXXXXXXXXXXXXXXXXXXXXXXXXXXXXXXXXXXXXXXXXXXXXXXXXXXXXX
; XXXXXXXXXXXXXXXXXXXXXXXXXXXXXXXXXXXXXXXXXXXXXXXXXXXXXXXXXXXX
; XXXXXXXXXXXXXXXXXXXXXXXXXXXXXXXXXXXXXXXXXXXXXXXXXXXXXXXXXXXX
; XXXXXXXXXXXXXXXXXXXXXXXXXXXXXXXXXXXXXXXXXXXXXXXXXXXXXXXXXXXX
; XXXXXXXXXXXXXXXXXXXXXXXXXXXXXXXXXXXXXXXXXXXXXXXXXXXXXXXXXXXX
; XXXXXXXXXXXXXXXXXXXXXXXXXXXXXXXXXXXXXXXXXXXXXXXXXXXXXXXXXXXX
